
=== NEW REQUEST 2025-11-17 04:27:42 ===
Before CORS
After CORS
After response.php
After validator.php
After jwt.php
After user.php

=== NEW REQUEST 2025-11-17 07:44:22 ===
Before CORS
After CORS
After response.php
After validator.php
After jwt.php
After user.php

=== NEW REQUEST 2025-11-17 07:46:58 ===
Before CORS
After CORS
After response.php
After validator.php
After jwt.php
After user.php

=== NEW REQUEST 2025-11-17 07:47:11 ===
Before CORS
After CORS
After response.php
After validator.php
After jwt.php
After user.php

=== NEW REQUEST 2025-11-17 07:48:04 ===
Before CORS
After CORS
After response.php
After validator.php
After jwt.php
After user.php

=== NEW REQUEST 2025-11-17 10:48:31 ===
Before CORS
After CORS
After response.php
After validator.php
After jwt.php
After user.php

=== NEW REQUEST 2025-11-17 11:05:17 ===
Before CORS
After CORS
After response.php
After validator.php
After jwt.php
After user.php

=== NEW REQUEST 2025-11-17 12:29:24 ===
Before CORS
After CORS
After response.php
After validator.php
After jwt.php
After user.php

=== NEW REQUEST 2025-11-17 15:54:55 ===
Before CORS
After CORS
After response.php
After validator.php
After jwt.php
After user.php

=== NEW REQUEST 2025-11-17 15:58:51 ===
Before CORS
After CORS
After response.php
After validator.php
After jwt.php
After user.php

=== NEW REQUEST 2025-11-17 15:59:43 ===
Before CORS
After CORS
After response.php
After validator.php
After jwt.php
After user.php

=== NEW REQUEST 2025-11-17 16:09:59 ===
Before CORS
After CORS
After response.php
After validator.php
After jwt.php
After user.php

=== NEW REQUEST 2025-11-17 16:19:36 ===
Before CORS
After CORS
After response.php
After validator.php
After jwt.php
After user.php

=== NEW REQUEST 2025-11-17 18:08:05 ===
Before CORS
After CORS
After response.php
After validator.php
After jwt.php
After user.php

=== NEW REQUEST 2025-11-19 02:42:57 ===
Before CORS
After CORS
After response.php
After validator.php
After jwt.php
After user.php

=== NEW REQUEST 2025-11-19 04:10:49 ===
Before CORS
After CORS
After response.php
After validator.php
After jwt.php
After user.php

=== NEW REQUEST 2025-11-20 04:45:25 ===
Before CORS
After CORS
After response.php
After validator.php
After jwt.php
After user.php

=== NEW REQUEST 2025-11-20 17:39:16 ===
Before CORS
After CORS
After response.php
After validator.php
After jwt.php
After user.php

=== NEW REQUEST 2025-11-20 18:31:49 ===
Before CORS
After CORS
After response.php
After validator.php
After jwt.php
After user.php

=== NEW REQUEST 2025-11-20 18:33:35 ===
Before CORS
After CORS
After response.php
After validator.php
After jwt.php
After user.php

=== NEW REQUEST 2025-11-20 19:22:28 ===
Before CORS
After CORS
After response.php
After validator.php
After jwt.php
After user.php

=== NEW REQUEST 2025-11-21 05:45:09 ===
Before CORS
After CORS
After response.php
After validator.php
After jwt.php
After user.php

=== NEW REQUEST 2025-11-21 05:45:16 ===
Before CORS
After CORS
After response.php
After validator.php
After jwt.php
After user.php

=== NEW REQUEST 2025-11-21 05:50:48 ===
Before CORS
After CORS
After response.php
After validator.php
After jwt.php
After user.php

=== NEW REQUEST 2025-11-21 06:21:26 ===
Before CORS
After CORS
After response.php
After validator.php
After jwt.php
After user.php

=== NEW REQUEST 2025-11-21 14:04:52 ===
Before CORS
After CORS
After response.php
After validator.php
After jwt.php
After user.php

=== NEW REQUEST 2025-11-21 19:03:55 ===
Before CORS
After CORS
After response.php
After validator.php
After jwt.php
After user.php

=== NEW REQUEST 2025-11-22 02:05:14 ===
Before CORS
After CORS
After response.php
After validator.php
After jwt.php
After user.php

=== NEW REQUEST 2025-11-22 02:07:16 ===
Before CORS
After CORS
After response.php
After validator.php
After jwt.php
After user.php

=== NEW REQUEST 2025-11-22 02:14:40 ===
Before CORS
After CORS
After response.php
After validator.php
After jwt.php
After user.php

=== NEW REQUEST 2025-11-22 02:18:49 ===
Before CORS
After CORS
After response.php
After validator.php
After jwt.php
After user.php
